<?xml version="1.0" encoding="UTF-8"?>
<testsuite name="com.csc.TestFuzzyFinder" tests="4" skipped="0" failures="0" errors="0" timestamp="2024-10-22T17:03:36" hostname="ZEEL" time="0.076">
  <properties/>
  <testcase name="testLinearSearchRandom()" classname="com.csc.TestFuzzyFinder" time="0.045"/>
  <testcase name="testLinearSearchSorted()" classname="com.csc.TestFuzzyFinder" time="0.011"/>
  <testcase name="testBinarySearchRandom()" classname="com.csc.TestFuzzyFinder" time="0.004"/>
  <testcase name="testBinarySearchSorted()" classname="com.csc.TestFuzzyFinder" time="0.004"/>
  <system-out><![CDATA[]]></system-out>
  <system-err><![CDATA[]]></system-err>
</testsuite>
