<?xml version="1.0" encoding="UTF-8"?>
<testsuite name="com.csc.FuzzyFinderTest" tests="4" skipped="0" failures="0" errors="0" timestamp="2024-11-09T02:58:40" hostname="ZEEL" time="0.034">
  <properties/>
  <testcase name="testLinearSearchUnsorted()" classname="com.csc.FuzzyFinderTest" time="0.02"/>
  <testcase name="testLinearSearchSorted()" classname="com.csc.FuzzyFinderTest" time="0.001"/>
  <testcase name="testBinarySearchUnsorted()" classname="com.csc.FuzzyFinderTest" time="0.007"/>
  <testcase name="testBinarySearchSorted()" classname="com.csc.FuzzyFinderTest" time="0.001"/>
  <system-out><![CDATA[]]></system-out>
  <system-err><![CDATA[]]></system-err>
</testsuite>
